<?xml version="1.0" encoding="UTF-8"?>
<!-- Generated by org.testng.reporters.JUnitReportReporter -->
<testsuite hostname="LIN-PG02NGFC" failures="0" tests="4" name="manibabu.Tests.SubmitOrder" time="59.983" errors="0" timestamp="2024-07-12T10:48:09 IST" skipped="0">
  <testcase classname="manibabu.Tests.SubmitOrder" name="submitOrder" time="24.259"/>
  <system-out/>
  <testcase classname="manibabu.Tests.SubmitOrder" name="OrderView" time="4.587"/>
  <system-out/>
  <testcase classname="manibabu.Tests.SubmitOrder" name="OrderedProduct" time="5.926"/>
  <system-out/>
  <testcase classname="manibabu.Tests.SubmitOrder" name="submitOrder" time="25.211"/>
  <system-out/>
</testsuite> <!-- manibabu.Tests.SubmitOrder -->
