<?xml version="1.0" encoding="UTF-8"?>
<!-- Generated by org.testng.reporters.JUnitReportReporter -->
<testsuite hostname="LIN-PG02NGFC" failures="0" tests="2" name="manibabu.Tests.ErrorValidations" time="9.857" errors="0" timestamp="18 Jul 2024 11:05:57 GMT">
  <testcase classname="manibabu.Tests.ErrorValidations" name="errorProductMessage" time="4.494"/>
  <testcase classname="manibabu.Tests.ErrorValidations" name="LoginErrorMessage" time="5.363"/>
</testsuite> <!-- manibabu.Tests.ErrorValidations -->
