<?xml version="1.0" encoding="UTF-8"?>
<!-- Generated by org.testng.reporters.JUnitReportReporter -->
<testsuite hostname="LIN-PG02NGFC" failures="0" tests="4" name="manibabu.Tests.SubmitOrder" time="50.446" errors="0" timestamp="12 Jul 2024 11:08:27 GMT">
  <testcase classname="manibabu.Tests.SubmitOrder" name="submitOrder" time="19.811"/>
  <testcase classname="manibabu.Tests.SubmitOrder" name="submitOrder" time="23.971"/>
  <testcase classname="manibabu.Tests.SubmitOrder" name="OrderView" time="3.269"/>
  <testcase classname="manibabu.Tests.SubmitOrder" name="OrderedProduct" time="3.395"/>
</testsuite> <!-- manibabu.Tests.SubmitOrder -->
