<?xml version="1.0" encoding="UTF-8"?>
<!-- Generated by org.testng.reporters.JUnitReportReporter -->
<testsuite hostname="LIN-PG02NGFC" failures="0" tests="2" name="manibabu.Tests.ErrorValidations" time="7.385" errors="0" timestamp="12 Jul 2024 11:08:27 GMT">
  <testcase classname="manibabu.Tests.ErrorValidations" name="errorProductMessage" time="3.664"/>
  <testcase classname="manibabu.Tests.ErrorValidations" name="LoginErrorMessage" time="3.721"/>
</testsuite> <!-- manibabu.Tests.ErrorValidations -->
