<?xml version="1.0" encoding="UTF-8"?>
<!-- Generated by org.testng.reporters.JUnitReportReporter -->
<testsuite hostname="LIN-PG02NGFC" failures="0" tests="4" name="manibabu.Tests.SubmitOrder" time="67.805" errors="0" timestamp="18 Jul 2024 11:05:57 GMT">
  <testcase classname="manibabu.Tests.SubmitOrder" name="submitOrder" time="23.110"/>
  <testcase classname="manibabu.Tests.SubmitOrder" name="submitOrder" time="25.639"/>
  <testcase classname="manibabu.Tests.SubmitOrder" name="OrderView" time="7.590"/>
  <testcase classname="manibabu.Tests.SubmitOrder" name="OrderedProduct" time="11.466"/>
</testsuite> <!-- manibabu.Tests.SubmitOrder -->
